2024-04-01 16:41:49,876 ERROR frappe New Exception collected in error log
Site: code.com
Form Dict: {'cmd': 'ticket.customFunction.receive_data_from_other_app'}
2024-04-01 16:47:01,675 ERROR frappe New Exception collected in error log
Site: code.com
Form Dict: {'cmd': 'ticket.customFunction.receive_data_from_other_app'}
2024-04-01 16:48:57,883 ERROR frappe New Exception collected in error log
Site: code.com
Form Dict: {'cmd': 'ticket.customFunction.receive_data_from_other_app'}
2024-04-01 16:49:40,810 ERROR frappe New Exception collected in error log
Site: code.com
Form Dict: {'cmd': 'ticket.customFunction.receive_data_from_other_app'}
2024-04-01 17:08:42,966 ERROR frappe New Exception collected in error log
Site: code.com
Form Dict: {'cmd': 'ticket.customFunction.receive_data_from_other_app'}
2024-04-02 11:08:25,252 ERROR frappe New Exception collected in error log
Site: code.com
Form Dict: {'usr': 'new2@example.com', 'pwd': '********', 'cmd': 'ticket.ticket.login.login'}
2024-04-02 11:30:29,808 ERROR frappe New Exception collected in error log
Site: code.com
Form Dict: {'usr': 'new2@example.com', 'pwd': '********', 'cmd': 'ticket.ticket.login.get_user_details'}
2024-04-02 12:17:26,866 ERROR frappe New Exception collected in error log
Site: code.com
Form Dict: {'doctype': 'CustomerTickets', 'docname': '123456', 'comment_type': 'comment', 'content': 'YourComment', 'cmd': 'ticket.customFunction.add_comment_with_created_by'}
2024-04-02 12:24:09,178 ERROR frappe New Exception collected in error log
Site: code.com
Form Dict: {'doctype': 'CustomerTickets', 'docname': '123456', 'comment_type': 'comment', 'content': 'YourComment', 'cmd': 'ticket.customFunction.add_comment_with_created_by'}
2024-04-02 12:26:49,098 ERROR frappe New Exception collected in error log
Site: code.com
Form Dict: {'doctype': 'CustomerTickets', 'docname': '123456', 'comment_type': 'comment', 'content': 'YourComment', 'cmd': 'ticket.customFunction.add_comment_with_created_by'}
2024-04-03 11:15:04,171 ERROR frappe New Exception collected in error log
Site: code.com
Form Dict: {'doc': '{"doctype":"DocType","name":"try","module":"Communication","is_submittable":0,"istable":0,"editable_grid":0,"issingle":0,"is_tree":0,"custom":0,"is_virtual":0,"permissions":[{"create":1,"delete":1,"email":1,"export":1,"print":1,"read":1,"report":1,"role":"System Manager","share":1,"write":1,"submit":0}],"fields":[{"fieldtype":"Section Break"}]}', 'cmd': 'frappe.client.insert'}
2024-04-03 11:17:12,968 ERROR frappe New Exception collected in error log
Site: code.com
Form Dict: {'doc': '{"name":"try","creation":"2024-04-03 11:15:03.751173","modified":"2024-04-03 11:15:03.751173","modified_by":"Administrator","owner":"Administrator","docstatus":0,"idx":0,"issingle":0,"is_virtual":0,"is_tree":0,"istable":0,"editable_grid":0,"track_changes":1,"module":"Communication","naming_rule":"By fieldname","sort_field":"modified","sort_order":"DESC","read_only":0,"in_create":0,"allow_copy":0,"allow_rename":1,"allow_import":0,"hide_toolbar":0,"track_seen":0,"max_attachments":0,"document_type":"","engine":"InnoDB","is_submittable":0,"show_name_in_global_search":0,"custom":0,"beta":0,"has_web_view":0,"allow_guest_to_view":0,"email_append_to":0,"show_title_field_in_link":0,"translated_doctype":0,"is_calendar_and_gantt":0,"quick_entry":0,"track_views":0,"queue_in_background":0,"allow_events_in_timeline":0,"allow_auto_repeat":0,"make_attachments_public":0,"force_re_route_to_default_view":0,"show_preview_popup":0,"index_web_pages_for_search":1,"doctype":"DocType","states":[],"links":[{"docstatus":0,"doctype":"DocType Link","name":"new-doctype-link-otxafdaqri","__islocal":1,"__unsaved":1,"owner":"Administrator","hidden":0,"is_child_table":0,"custom":0,"parent":"try","parentfield":"links","parenttype":"DocType","idx":1,"__unedited":false,"link_doctype":"Comment","link_fieldname":"comment_by"}],"permissions":[{"name":"08795412ce","creation":"2024-04-03 11:15:03.751173","modified":"2024-04-03 11:15:03.751173","modified_by":"Administrator","owner":"Administrator","docstatus":0,"parent":"try","parentfield":"permissions","parenttype":"DocType","idx":1,"permlevel":0,"role":"System Manager","read":1,"write":1,"create":1,"submit":0,"cancel":0,"delete":1,"amend":0,"report":1,"export":1,"import":0,"share":1,"print":1,"email":1,"if_owner":0,"select":0,"doctype":"DocPerm"}],"fields":[{"name":"e7de61cc24","creation":"2024-04-03 11:15:03.751173","modified":"2024-04-03 11:15:03.751173","modified_by":"Administrator","owner":"Administrator","docstatus":0,"parent":"try","parentfield":"fields","parenttype":"DocType","idx":1,"fieldname":"section_break_dhdp","fieldtype":"Section Break","search_index":0,"show_dashboard":0,"hidden":0,"set_only_once":0,"allow_in_quick_entry":0,"print_hide":0,"report_hide":0,"reqd":0,"bold":0,"in_global_search":0,"collapsible":0,"unique":0,"no_copy":0,"allow_on_submit":0,"show_preview_popup":0,"permlevel":0,"ignore_user_permissions":0,"columns":0,"in_list_view":0,"fetch_if_empty":0,"in_filter":0,"remember_last_selected_value":0,"ignore_xss_filter":0,"print_hide_if_no_value":0,"allow_bulk_edit":0,"in_standard_filter":0,"in_preview":0,"read_only":0,"precision":"","length":0,"translatable":0,"hide_border":0,"hide_days":0,"hide_seconds":0,"non_negative":0,"is_virtual":0,"sort_options":0,"doctype":"DocField"},{"docstatus":0,"doctype":"DocField","name":"new-docfield-icnaswocpu","__islocal":1,"__unsaved":1,"owner":"Administrator","fieldtype":"Data","precision":"","non_negative":0,"hide_days":0,"hide_seconds":0,"reqd":0,"is_virtual":0,"search_index":0,"sort_options":0,"show_dashboard":0,"fetch_if_empty":0,"hidden":0,"bold":0,"allow_in_quick_entry":0,"translatable":0,"print_hide":0,"print_hide_if_no_value":0,"report_hide":0,"collapsible":0,"hide_border":0,"in_list_view":0,"in_standard_filter":0,"in_preview":0,"in_filter":0,"in_global_search":0,"read_only":0,"allow_on_submit":0,"ignore_user_permissions":0,"allow_bulk_edit":0,"permlevel":0,"ignore_xss_filter":0,"unique":0,"no_copy":0,"set_only_once":0,"remember_last_selected_value":0,"parent":"try","parentfield":"fields","parenttype":"DocType","idx":2,"__unedited":false,"label":"namebata","fieldname":"namebata"}],"actions":[],"__last_sync_on":"2024-04-03T05:45:19.761Z","__unsaved":1,"autoname":"field:namebata"}', 'action': 'Save', 'cmd': 'frappe.desk.form.save.savedocs'}
2024-04-03 11:17:24,806 ERROR frappe New Exception collected in error log
Site: code.com
Form Dict: {'doc': '{"name":"try","creation":"2024-04-03 11:15:03.751173","modified":"2024-04-03 11:15:03.751173","modified_by":"Administrator","owner":"Administrator","docstatus":0,"idx":0,"issingle":0,"is_virtual":0,"is_tree":0,"istable":0,"editable_grid":0,"track_changes":1,"module":"Communication","naming_rule":"By fieldname","sort_field":"modified","sort_order":"DESC","read_only":0,"in_create":0,"allow_copy":0,"allow_rename":1,"allow_import":0,"hide_toolbar":0,"track_seen":0,"max_attachments":0,"document_type":"","engine":"InnoDB","is_submittable":0,"show_name_in_global_search":0,"custom":0,"beta":0,"has_web_view":0,"allow_guest_to_view":0,"email_append_to":0,"show_title_field_in_link":0,"translated_doctype":0,"is_calendar_and_gantt":0,"quick_entry":0,"track_views":0,"queue_in_background":0,"allow_events_in_timeline":0,"allow_auto_repeat":0,"make_attachments_public":0,"force_re_route_to_default_view":0,"show_preview_popup":0,"index_web_pages_for_search":1,"doctype":"DocType","states":[],"links":[{"docstatus":0,"doctype":"DocType Link","name":"new-doctype-link-otxafdaqri","__islocal":1,"__unsaved":1,"owner":"Administrator","hidden":0,"is_child_table":0,"custom":0,"parent":"try","parentfield":"links","parenttype":"DocType","idx":1,"__unedited":false,"link_doctype":"Comment","link_fieldname":"comment_by"}],"permissions":[{"name":"08795412ce","creation":"2024-04-03 11:15:03.751173","modified":"2024-04-03 11:15:03.751173","modified_by":"Administrator","owner":"Administrator","docstatus":0,"parent":"try","parentfield":"permissions","parenttype":"DocType","idx":1,"permlevel":0,"role":"System Manager","read":1,"write":1,"create":1,"submit":0,"cancel":0,"delete":1,"amend":0,"report":1,"export":1,"import":0,"share":1,"print":1,"email":1,"if_owner":0,"select":0,"doctype":"DocPerm"}],"fields":[{"name":"e7de61cc24","creation":"2024-04-03 11:15:03.751173","modified":"2024-04-03 11:15:03.751173","modified_by":"Administrator","owner":"Administrator","docstatus":0,"parent":"try","parentfield":"fields","parenttype":"DocType","idx":1,"fieldname":"section_break_dhdp","fieldtype":"Section Break","search_index":0,"show_dashboard":0,"hidden":0,"set_only_once":0,"allow_in_quick_entry":0,"print_hide":0,"report_hide":0,"reqd":0,"bold":0,"in_global_search":0,"collapsible":0,"unique":0,"no_copy":0,"allow_on_submit":0,"show_preview_popup":0,"permlevel":0,"ignore_user_permissions":0,"columns":0,"in_list_view":0,"fetch_if_empty":0,"in_filter":0,"remember_last_selected_value":0,"ignore_xss_filter":0,"print_hide_if_no_value":0,"allow_bulk_edit":0,"in_standard_filter":0,"in_preview":0,"read_only":0,"precision":"","length":0,"translatable":0,"hide_border":0,"hide_days":0,"hide_seconds":0,"non_negative":0,"is_virtual":0,"sort_options":0,"doctype":"DocField"},{"docstatus":0,"doctype":"DocField","name":"new-docfield-icnaswocpu","__islocal":1,"__unsaved":1,"owner":"Administrator","fieldtype":"Data","precision":"","non_negative":0,"hide_days":0,"hide_seconds":0,"reqd":0,"is_virtual":0,"search_index":0,"sort_options":0,"show_dashboard":0,"fetch_if_empty":0,"hidden":0,"bold":0,"allow_in_quick_entry":0,"translatable":0,"print_hide":0,"print_hide_if_no_value":0,"report_hide":0,"collapsible":0,"hide_border":0,"in_list_view":0,"in_standard_filter":0,"in_preview":0,"in_filter":0,"in_global_search":0,"read_only":0,"allow_on_submit":0,"ignore_user_permissions":0,"allow_bulk_edit":0,"permlevel":0,"ignore_xss_filter":0,"unique":0,"no_copy":0,"set_only_once":0,"remember_last_selected_value":0,"parent":"try","parentfield":"fields","parenttype":"DocType","idx":2,"__unedited":false,"label":"namebata","fieldname":"namebata"}],"actions":[],"__last_sync_on":"2024-04-03T05:45:19.761Z","__unsaved":1,"autoname":"field:namebata"}', 'action': 'Save', 'cmd': 'frappe.desk.form.save.savedocs'}
2024-04-03 11:17:42,180 ERROR frappe New Exception collected in error log
Site: code.com
Form Dict: {'doc': '{"name":"try","creation":"2024-04-03 11:15:03.751173","modified":"2024-04-03 11:15:03.751173","modified_by":"Administrator","owner":"Administrator","docstatus":0,"idx":0,"issingle":0,"is_virtual":0,"is_tree":0,"istable":0,"editable_grid":0,"track_changes":1,"module":"Accounts","naming_rule":"By fieldname","sort_field":"modified","sort_order":"DESC","read_only":0,"in_create":0,"allow_copy":0,"allow_rename":1,"allow_import":0,"hide_toolbar":0,"track_seen":0,"max_attachments":0,"document_type":"","engine":"InnoDB","is_submittable":0,"show_name_in_global_search":0,"custom":0,"beta":0,"has_web_view":0,"allow_guest_to_view":0,"email_append_to":0,"show_title_field_in_link":0,"translated_doctype":0,"is_calendar_and_gantt":0,"quick_entry":0,"track_views":0,"queue_in_background":0,"allow_events_in_timeline":0,"allow_auto_repeat":0,"make_attachments_public":0,"force_re_route_to_default_view":0,"show_preview_popup":0,"index_web_pages_for_search":1,"doctype":"DocType","states":[],"links":[{"docstatus":0,"doctype":"DocType Link","name":"new-doctype-link-otxafdaqri","__islocal":1,"__unsaved":1,"owner":"Administrator","hidden":0,"is_child_table":0,"custom":0,"parent":"try","parentfield":"links","parenttype":"DocType","idx":1,"__unedited":false,"link_doctype":"Comment","link_fieldname":"comment_by"}],"permissions":[{"name":"08795412ce","creation":"2024-04-03 11:15:03.751173","modified":"2024-04-03 11:15:03.751173","modified_by":"Administrator","owner":"Administrator","docstatus":0,"parent":"try","parentfield":"permissions","parenttype":"DocType","idx":1,"permlevel":0,"role":"System Manager","read":1,"write":1,"create":1,"submit":0,"cancel":0,"delete":1,"amend":0,"report":1,"export":1,"import":0,"share":1,"print":1,"email":1,"if_owner":0,"select":0,"doctype":"DocPerm"}],"fields":[{"name":"e7de61cc24","creation":"2024-04-03 11:15:03.751173","modified":"2024-04-03 11:15:03.751173","modified_by":"Administrator","owner":"Administrator","docstatus":0,"parent":"try","parentfield":"fields","parenttype":"DocType","idx":1,"fieldname":"section_break_dhdp","fieldtype":"Section Break","search_index":0,"show_dashboard":0,"hidden":0,"set_only_once":0,"allow_in_quick_entry":0,"print_hide":0,"report_hide":0,"reqd":0,"bold":0,"in_global_search":0,"collapsible":0,"unique":0,"no_copy":0,"allow_on_submit":0,"show_preview_popup":0,"permlevel":0,"ignore_user_permissions":0,"columns":0,"in_list_view":0,"fetch_if_empty":0,"in_filter":0,"remember_last_selected_value":0,"ignore_xss_filter":0,"print_hide_if_no_value":0,"allow_bulk_edit":0,"in_standard_filter":0,"in_preview":0,"read_only":0,"precision":"","length":0,"translatable":0,"hide_border":0,"hide_days":0,"hide_seconds":0,"non_negative":0,"is_virtual":0,"sort_options":0,"doctype":"DocField"},{"docstatus":0,"doctype":"DocField","name":"new-docfield-icnaswocpu","__islocal":1,"__unsaved":1,"owner":"Administrator","fieldtype":"Data","precision":"","non_negative":0,"hide_days":0,"hide_seconds":0,"reqd":0,"is_virtual":0,"search_index":0,"sort_options":0,"show_dashboard":0,"fetch_if_empty":0,"hidden":0,"bold":0,"allow_in_quick_entry":0,"translatable":0,"print_hide":0,"print_hide_if_no_value":0,"report_hide":0,"collapsible":0,"hide_border":0,"in_list_view":0,"in_standard_filter":0,"in_preview":0,"in_filter":0,"in_global_search":0,"read_only":0,"allow_on_submit":0,"ignore_user_permissions":0,"allow_bulk_edit":0,"permlevel":0,"ignore_xss_filter":0,"unique":0,"no_copy":0,"set_only_once":0,"remember_last_selected_value":0,"parent":"try","parentfield":"fields","parenttype":"DocType","idx":2,"__unedited":false,"label":"namebata","fieldname":"namebata"}],"actions":[],"__last_sync_on":"2024-04-03T05:45:19.761Z","__unsaved":1,"autoname":"field:namebata"}', 'action': 'Save', 'cmd': 'frappe.desk.form.save.savedocs'}
2024-04-07 17:44:26,486 ERROR frappe New Exception collected in error log
Site: code.com
Form Dict: {'doctype': 'CustomerTickets', 'docname': '12345688', 'message': 'YourComment', 'cmd': 'ticket.customFunction.add_comment_with_created_by'}
2024-04-07 17:50:06,828 ERROR frappe New Exception collected in error log
Site: code.com
Form Dict: {'doctype': 'Comment', 'name': 'b6418ac0cd', 'cmd': 'frappe.client.delete'}
2024-04-07 17:50:17,577 ERROR frappe New Exception collected in error log
Site: code.com
Form Dict: {'doctype': 'Comment', 'name': 'b6418ac0cd', 'cmd': 'frappe.client.delete'}
2024-04-07 18:43:43,009 ERROR frappe Could not take error snapshot: 'ErrorLog' object has no attribute 'set_user_and_timestamp'
Site: code.com
Form Dict: {'doctype': 'CustomerTickets', 'name': '12345688', 'cmd': 'frappe.client.delete'}
Traceback (most recent call last):
  File "/home/shubham/frappe-bench/apps/frappe/frappe/app.py", line 110, in application
    response = frappe.api.handle(request)
               ^^^^^^^^^^^^^^^^^^^^^^^^^^
  File "/home/shubham/frappe-bench/apps/frappe/frappe/api/__init__.py", line 49, in handle
    data = endpoint(**arguments)
           ^^^^^^^^^^^^^^^^^^^^^
  File "/home/shubham/frappe-bench/apps/frappe/frappe/api/v1.py", line 36, in handle_rpc_call
    return frappe.handler.handle()
           ^^^^^^^^^^^^^^^^^^^^^^^
  File "/home/shubham/frappe-bench/apps/frappe/frappe/handler.py", line 49, in handle
    data = execute_cmd(cmd)
           ^^^^^^^^^^^^^^^^
  File "/home/shubham/frappe-bench/apps/frappe/frappe/handler.py", line 85, in execute_cmd
    return frappe.call(method, **frappe.form_dict)
           ^^^^^^^^^^^^^^^^^^^^^^^^^^^^^^^^^^^^^^^
  File "/home/shubham/frappe-bench/apps/frappe/frappe/__init__.py", line 1718, in call
    return fn(*args, **newargs)
           ^^^^^^^^^^^^^^^^^^^^
  File "/home/shubham/frappe-bench/apps/frappe/frappe/utils/typing_validations.py", line 31, in wrapper
    return func(*args, **kwargs)
           ^^^^^^^^^^^^^^^^^^^^^
  File "/home/shubham/frappe-bench/apps/frappe/frappe/client.py", line 275, in delete
    delete_doc(doctype, name)
  File "/home/shubham/frappe-bench/apps/frappe/frappe/client.py", line 506, in delete_doc
    frappe.delete_doc(doctype, name, ignore_missing=False)
  File "/home/shubham/frappe-bench/apps/frappe/frappe/__init__.py", line 1345, in delete_doc
    return frappe.model.delete_doc.delete_doc(
           ^^^^^^^^^^^^^^^^^^^^^^^^^^^^^^^^^^^
  File "/home/shubham/frappe-bench/apps/frappe/frappe/model/delete_doc.py", line 168, in delete_doc
    insert_feed(doc)
  File "/home/shubham/frappe-bench/apps/frappe/frappe/model/delete_doc.py", line 453, in insert_feed
    ).insert(ignore_permissions=True)
      ^^^^^^^^^^^^^^^^^^^^^^^^^^^^^^^
  File "/home/shubham/frappe-bench/apps/frappe/frappe/model/document.py", line 278, in insert
    self.set_user_and_timestamp()
    ^^^^^^^^^^^^^^^^^^^^^^^^^^^
AttributeError: 'Comment' object has no attribute 'set_user_and_timestamp'

During handling of the above exception, another exception occurred:

Traceback (most recent call last):
  File "/home/shubham/frappe-bench/apps/frappe/frappe/utils/error.py", line 86, in log_error_snapshot
    log_error(title=str(exception), defer_insert=True)
  File "/home/shubham/frappe-bench/apps/frappe/frappe/utils/error.py", line 74, in log_error
    error_log.deferred_insert()
  File "/home/shubham/frappe-bench/apps/frappe/frappe/model/document.py", line 1634, in deferred_insert
    self.set_user_and_timestamp()
    ^^^^^^^^^^^^^^^^^^^^^^^^^^^
AttributeError: 'ErrorLog' object has no attribute 'set_user_and_timestamp'
